<?xml version="1.0" encoding="UTF-8"?>
<!-- Generated by org.testng.reporters.JUnitReportReporter -->
<testsuite hostname="LAPTOP-R1775SKG" failures="0" tests="1" name="TestCases.TC_001_LoginTest" time="3.528" errors="0" timestamp="2022-02-22T09:15:21 IST" skipped="0">
  <testcase classname="TestCases.TC_001_LoginTest" name="loginTest" time="3.528"/>
  <system-out/>
</testsuite> <!-- TestCases.TC_001_LoginTest -->
