<?xml version="1.0" encoding="UTF-8"?>
<!-- Generated by org.testng.reporters.JUnitReportReporter -->
<testsuite hostname="LAPTOP-R1775SKG" failures="0" tests="1" name="TestCases.TC_003_AddCustomerTest" time="25.273" errors="0" timestamp="2022-02-22T09:11:24 IST" skipped="0">
  <testcase classname="TestCases.TC_003_AddCustomerTest" name="addNewCustomer" time="25.273"/>
  <system-out/>
</testsuite> <!-- TestCases.TC_003_AddCustomerTest -->
