<?xml version="1.0" encoding="UTF-8"?>
<!-- Generated by org.testng.reporters.JUnitReportReporter -->
<testsuite skipped="0" hostname="LAPTOP-R1775SKG" name="TestCases.TC_001_LoginTest" tests="1" failures="0" timestamp="2022-02-23T10:17:04 IST" time="4.515" errors="0">
  <testcase name="loginTest" time="4.515" classname="TestCases.TC_001_LoginTest"/>
  <system-out/>
</testsuite> <!-- TestCases.TC_001_LoginTest -->
